<?xml version="1.0" encoding="UTF-8"?>
<coverage generated="1304996416" phpunit="3.4.13">
  <project name="StringUtilTest" timestamp="1304996416">
    <file name="/var/lib/hudson/jobs/php-sample/workspace/phpsample/src/StringUtil.php">
      <class name="StringUtil" namespace="global">
        <metrics methods="2" coveredmethods="1" statements="2" coveredstatements="1" elements="4" coveredelements="2"/>
      </class>
      <line num="5" type="method" name="__construct" count="0">
      <line num="7" type="stmt" count="0"/>
      <line num="9" type="method" name="toupper" count="1"/>
      <line num="10" type="stmt" count="1"/>
      <metrics loc="16" ncloc="14" classes="1" methods="2" coveredmethods="1" statements="2" coveredstatements="1" elements="4" coveredelements="2"/>
    </file>
    <metrics files="1" loc="16" ncloc="14" classes="1" methods="2" coveredmethods="1" statements="2" coveredstatements="1" elements="4" coveredelements="2"/>
  </project>
</coverage>
