<?xml version="1.0" encoding="UTF-8"?>
<coverage generated="1440020073">
    <project timestamp="1440020073">
        <file name="/var/jenkins_home/jobs/module/workspace/app.php">
            <line num="3" type="stmt" count="1"/>
            <line num="18" type="stmt" count="1"/>
            <line num="20" type="stmt" count="1"/>
            <line num="21" type="stmt" count="1"/>
            <line num="22" type="stmt" count="1"/>
            <line num="23" type="stmt" count="1"/>
            <line num="24" type="stmt" count="1"/>
            <line num="26" type="stmt" count="0"/>
            <line num="27" type="stmt" count="1"/>
            <line num="29" type="stmt" count="1"/>
            <line num="31" type="stmt" count="1"/>
            <line num="32" type="stmt" count="1"/>
            <line num="33" type="stmt" count="1"/>
            <line num="35" type="stmt" count="1"/>
            <line num="37" type="stmt" count="1"/>
            <line num="38" type="stmt" count="1"/>
            <line num="42" type="stmt" count="1"/>
            <line num="43" type="stmt" count="1"/>
            <line num="44" type="stmt" count="0"/>
            <line num="45" type="stmt" count="0"/>
            <line num="46" type="stmt" count="1"/>
            <line num="50" type="stmt" count="1"/>
            <line num="51" type="stmt" count="1"/>
            <line num="52" type="stmt" count="1"/>
            <line num="53" type="stmt" count="1"/>
            <line num="55" type="stmt" count="1"/>
            <line num="58" type="stmt" count="1"/>
            <line num="60" type="stmt" count="1"/>
            <line num="61" type="stmt" count="0"/>
            <line num="62" type="stmt" count="0"/>
            <line num="63" type="stmt" count="0"/>
            <line num="64" type="stmt" count="0"/>
            <line num="66" type="stmt" count="1"/>
            <line num="67" type="stmt" count="1"/>
            <line num="68" type="stmt" count="1"/>
            <line num="71" type="stmt" count="1"/>
            <line num="73" type="stmt" count="1"/>
            <line num="76" type="stmt" count="0"/>
            <line num="77" type="stmt" count="1"/>
            <line num="80" type="stmt" count="0"/>
            <line num="81" type="stmt" count="1"/>
            <line num="86" type="stmt" count="1"/>
            <line num="92" type="stmt" count="0"/>
            <line num="93" type="stmt" count="0"/>
            <line num="94" type="stmt" count="1"/>
            <line num="99" type="stmt" count="1"/>
            <line num="103" type="stmt" count="0"/>
            <line num="104" type="stmt" count="0"/>
            <line num="105" type="stmt" count="1"/>
            <line num="108" type="stmt" count="0"/>
            <line num="109" type="stmt" count="0"/>
            <line num="110" type="stmt" count="1"/>
            <line num="113" type="stmt" count="1"/>
            <line num="114" type="stmt" count="0"/>
            <line num="115" type="stmt" count="1"/>
            <line num="118" type="stmt" count="0"/>
            <line num="119" type="stmt" count="0"/>
            <line num="120" type="stmt" count="1"/>
            <line num="123" type="stmt" count="0"/>
            <line num="124" type="stmt" count="0"/>
            <line num="125" type="stmt" count="1"/>
            <line num="128" type="stmt" count="0"/>
            <line num="129" type="stmt" count="0"/>
            <line num="130" type="stmt" count="1"/>
            <line num="136" type="stmt" count="0"/>
            <line num="137" type="stmt" count="0"/>
            <line num="138" type="stmt" count="1"/>
            <line num="141" type="stmt" count="0"/>
            <line num="142" type="stmt" count="0"/>
            <line num="143" type="stmt" count="1"/>
            <line num="146" type="stmt" count="0"/>
            <line num="147" type="stmt" count="1"/>
            <line num="150" type="stmt" count="1"/>
            <line num="151" type="stmt" count="1"/>
            <line num="152" type="stmt" count="1"/>
            <line num="155" type="stmt" count="0"/>
            <line num="156" type="stmt" count="0"/>
            <line num="157" type="stmt" count="1"/>
            <line num="163" type="stmt" count="0"/>
            <line num="164" type="stmt" count="0"/>
            <line num="165" type="stmt" count="1"/>
            <line num="171" type="stmt" count="0"/>
            <line num="172" type="stmt" count="0"/>
            <line num="173" type="stmt" count="1"/>
            <line num="177" type="stmt" count="0"/>
            <line num="178" type="stmt" count="0"/>
            <line num="179" type="stmt" count="1"/>
            <line num="182" type="stmt" count="0"/>
            <line num="183" type="stmt" count="0"/>
            <line num="184" type="stmt" count="1"/>
            <line num="188" type="stmt" count="0"/>
            <line num="189" type="stmt" count="0"/>
            <line num="190" type="stmt" count="0"/>
            <line num="192" type="stmt" count="0"/>
            <line num="193" type="stmt" count="0"/>
            <line num="194" type="stmt" count="0"/>
            <line num="195" type="stmt" count="0"/>
            <line num="196" type="stmt" count="0"/>
            <line num="197" type="stmt" count="0"/>
            <line num="198" type="stmt" count="0"/>
            <line num="200" type="stmt" count="1"/>
            <line num="203" type="stmt" count="0"/>
            <line num="204" type="stmt" count="0"/>
            <line num="205" type="stmt" count="0"/>
            <line num="206" type="stmt" count="0"/>
            <line num="207" type="stmt" count="0"/>
            <line num="208" type="stmt" count="0"/>
            <line num="209" type="stmt" count="0"/>
            <line num="210" type="stmt" count="0"/>
            <line num="211" type="stmt" count="1"/>
            <line num="214" type="stmt" count="0"/>
            <line num="215" type="stmt" count="0"/>
            <line num="216" type="stmt" count="1"/>
            <line num="218" type="stmt" count="1"/>
            <line num="220" type="stmt" count="0"/>
            <line num="221" type="stmt" count="0"/>
            <line num="222" type="stmt" count="0"/>
            <line num="226" type="stmt" count="0"/>
            <line num="228" type="stmt" count="0"/>
            <line num="229" type="stmt" count="0"/>
            <line num="230" type="stmt" count="0"/>
            <line num="231" type="stmt" count="0"/>
            <line num="234" type="stmt" count="0"/>
            <line num="235" type="stmt" count="0"/>
            <line num="236" type="stmt" count="0"/>
            <line num="237" type="stmt" count="1"/>
            <line num="239" type="stmt" count="1"/>
            <line num="244" type="stmt" count="1"/>
            <line num="249" type="stmt" count="1"/>
            <line num="255" type="stmt" count="1"/>
            <line num="260" type="stmt" count="1"/>
            <line num="264" type="stmt" count="1"/>
            <line num="265" type="stmt" count="1"/>
            <line num="266" type="stmt" count="1"/>
            <line num="267" type="stmt" count="0"/>
            <line num="270" type="stmt" count="1"/>
            <metrics loc="270" ncloc="231" classes="0" methods="0" coveredmethods="0" conditionals="0" coveredconditionals="0" statements="136" coveredstatements="67" elements="136" coveredelements="67"/>
        </file>
        <file name="/var/jenkins_home/jobs/module/workspace/index.php">
            <line num="2" type="stmt" count="0"/>
            <line num="3" type="stmt" count="0"/>
            <line num="4" type="stmt" count="0"/>
            <line num="5" type="stmt" count="0"/>
            <line num="7" type="stmt" count="0"/>
            <line num="8" type="stmt" count="0"/>
            <metrics loc="8" ncloc="8" classes="0" methods="0" coveredmethods="0" conditionals="0" coveredconditionals="0" statements="6" coveredstatements="0" elements="6" coveredelements="0"/>
        </file>
        <package name="myprefix\ProductName\Module">
            <file name="/var/jenkins_home/jobs/module/workspace/src/main/php/myprefix/ProductName/Module/AbstractConfiguration.php">
                <class name="AbstractConfiguration" namespace="myprefix\ProductName\Module">
                    <metrics methods="6" coveredmethods="5" conditionals="0" coveredconditionals="0" statements="12" coveredstatements="11" elements="18" coveredelements="16"/>
                </class>
                <line num="18" type="method" name="__construct" crap="1" count="3"/>
                <line num="20" type="stmt" count="3"/>
                <line num="22" type="method" name="getConfig" crap="2" count="0"/>
                <line num="23" type="stmt" count="0"/>
                <line num="26" type="method" name="loadDefaultConfig" crap="1" count="2"/>
                <line num="27" type="stmt" count="2"/>
                <line num="28" type="stmt" count="2"/>
                <line num="30" type="method" name="loadConfig" crap="1" count="2"/>
                <line num="31" type="stmt" count="2"/>
                <line num="32" type="stmt" count="2"/>
                <line num="34" type="stmt" count="2"/>
                <line num="35" type="stmt" count="2"/>
                <line num="36" type="stmt" count="2"/>
                <line num="44" type="method" name="get" crap="1" count="24"/>
                <line num="45" type="stmt" count="24"/>
                <line num="48" type="method" name="set" crap="1" count="15"/>
                <line num="49" type="stmt" count="15"/>
                <line num="50" type="stmt" count="15"/>
                <metrics loc="51" ncloc="41" classes="1" methods="6" coveredmethods="5" conditionals="0" coveredconditionals="0" statements="12" coveredstatements="11" elements="18" coveredelements="16"/>
            </file>
            <file name="/var/jenkins_home/jobs/module/workspace/src/main/php/myprefix/ProductName/Module/Config.php">
                <class name="Config" namespace="myprefix\ProductName\Module">
                    <metrics methods="21" coveredmethods="7" conditionals="0" coveredconditionals="0" statements="75" coveredstatements="28" elements="96" coveredelements="35"/>
                </class>
                <line num="16" type="method" name="getInstance" crap="2" count="24"/>
                <line num="17" type="stmt" count="24"/>
                <line num="18" type="stmt" count="2"/>
                <line num="19" type="stmt" count="2"/>
                <line num="20" type="stmt" count="24"/>
                <line num="23" type="method" name="resetInstance" crap="2" count="2"/>
                <line num="24" type="stmt" count="2"/>
                <line num="25" type="stmt" count="1"/>
                <line num="26" type="stmt" count="1"/>
                <line num="27" type="stmt" count="2"/>
                <line num="32" type="method" name="__construct" crap="4" count="2"/>
                <line num="34" type="stmt" count="2"/>
                <line num="36" type="stmt" count="2"/>
                <line num="37" type="stmt" count="2"/>
                <line num="39" type="stmt" count="2"/>
                <line num="41" type="stmt" count="2"/>
                <line num="42" type="stmt" count="2"/>
                <line num="43" type="stmt" count="2"/>
                <line num="44" type="stmt" count="2"/>
                <line num="45" type="stmt" count="2"/>
                <line num="46" type="stmt" count="2"/>
                <line num="51" type="method" name="getEnvironment" crap="1" count="8"/>
                <line num="52" type="stmt" count="8"/>
                <line num="58" type="method" name="getSolrEndpoint" crap="30" count="0"/>
                <line num="60" type="stmt" count="0"/>
                <line num="61" type="stmt" count="0"/>
                <line num="62" type="stmt" count="0"/>
                <line num="63" type="stmt" count="0"/>
                <line num="66" type="stmt" count="0"/>
                <line num="67" type="stmt" count="0"/>
                <line num="68" type="stmt" count="0"/>
                <line num="69" type="stmt" count="0"/>
                <line num="70" type="stmt" count="0"/>
                <line num="71" type="stmt" count="0"/>
                <line num="72" type="stmt" count="0"/>
                <line num="73" type="stmt" count="0"/>
                <line num="74" type="stmt" count="0"/>
                <line num="78" type="method" name="getSolrCoreName" crap="6" count="0"/>
                <line num="79" type="stmt" count="0"/>
                <line num="82" type="method" name="getElasticSearchEndpoint" crap="6" count="0"/>
                <line num="83" type="stmt" count="0"/>
                <line num="84" type="stmt" count="0"/>
                <line num="85" type="stmt" count="0"/>
                <line num="86" type="stmt" count="0"/>
                <line num="88" type="stmt" count="0"/>
                <line num="91" type="method" name="getMongoDBUri" crap="2" count="0"/>
                <line num="92" type="stmt" count="0"/>
                <line num="93" type="stmt" count="0"/>
                <line num="94" type="stmt" count="0"/>
                <line num="97" type="method" name="getMongoDBHost" crap="6" count="0"/>
                <line num="98" type="stmt" count="0"/>
                <line num="99" type="stmt" count="0"/>
                <line num="101" type="stmt" count="0"/>
                <line num="104" type="method" name="getMongoDBPort" crap="6" count="0"/>
                <line num="105" type="stmt" count="0"/>
                <line num="106" type="stmt" count="0"/>
                <line num="108" type="stmt" count="0"/>
                <line num="111" type="method" name="getRabbitMQHost" crap="6" count="0"/>
                <line num="112" type="stmt" count="0"/>
                <line num="115" type="method" name="getRabbitMQPort" crap="6" count="0"/>
                <line num="116" type="stmt" count="0"/>
                <line num="119" type="method" name="getMongoDBDatabaseName" crap="6" count="0"/>
                <line num="120" type="stmt" count="0"/>
                <line num="123" type="method" name="getRabbitMQOrdersQueue" crap="6" count="0"/>
                <line num="124" type="stmt" count="0"/>
                <line num="127" type="method" name="getTmpDir" crap="1" count="2"/>
                <line num="128" type="stmt" count="2"/>
                <line num="144" type="method" name="getUsername" crap="2.15" count="14"/>
                <line num="145" type="stmt" count="14"/>
                <line num="146" type="stmt" count="0"/>
                <line num="148" type="stmt" count="14"/>
                <line num="158" type="method" name="getApplicationURI" crap="90" count="0"/>
                <line num="160" type="stmt" count="0"/>
                <line num="161" type="stmt" count="0"/>
                <line num="162" type="stmt" count="0"/>
                <line num="163" type="stmt" count="0"/>
                <line num="164" type="stmt" count="0"/>
                <line num="165" type="stmt" count="0"/>
                <line num="166" type="stmt" count="0"/>
                <line num="167" type="stmt" count="0"/>
                <line num="168" type="stmt" count="0"/>
                <line num="170" type="stmt" count="0"/>
                <line num="171" type="stmt" count="0"/>
                <line num="173" type="stmt" count="0"/>
                <line num="179" type="method" name="isSMSSendingEnabled" crap="1" count="1"/>
                <line num="180" type="stmt" count="1"/>
                <line num="183" type="method" name="getSlackWebhook" crap="1" count="1"/>
                <line num="184" type="stmt" count="1"/>
                <line num="187" type="method" name="getPapyrusURI" crap="3.07" count="1"/>
                <line num="188" type="stmt" count="1"/>
                <line num="189" type="stmt" count="1"/>
                <line num="191" type="stmt" count="1"/>
                <line num="192" type="stmt" count="1"/>
                <line num="195" type="stmt" count="0"/>
                <line num="198" type="method" name="getPapyrusTimeout" crap="6" count="0"/>
                <line num="199" type="stmt" count="0"/>
                <metrics loc="202" ncloc="177" classes="1" methods="21" coveredmethods="7" conditionals="0" coveredconditionals="0" statements="75" coveredstatements="28" elements="96" coveredelements="35"/>
            </file>
        </package>
        <package name="myprefix\ProductName\Module\Controller\Exceptions">
            <file name="/var/jenkins_home/jobs/module/workspace/src/main/php/myprefix/ProductName/Module/Controller/Exceptions/SomethingIsWrongException.php">
                <class name="CommissionIncompleteException" namespace="myprefix\ProductName\Module\Controller\Exceptions">
                    <metrics methods="1" coveredmethods="0" conditionals="0" coveredconditionals="0" statements="4" coveredstatements="0" elements="5" coveredelements="0"/>
                </class>
                <line num="17" type="method" name="__construct" crap="2" count="0"/>
                <line num="18" type="stmt" count="0"/>
                <line num="19" type="stmt" count="0"/>
                <line num="20" type="stmt" count="0"/>
                <line num="21" type="stmt" count="0"/>
                <metrics loc="24" ncloc="18" classes="1" methods="1" coveredmethods="0" conditionals="0" coveredconditionals="0" statements="4" coveredstatements="0" elements="5" coveredelements="0"/>
            </file>
        </package>
        <package name="myprefix\ProductName\Module\Services">
            <file name="/var/jenkins_home/jobs/module/workspace/src/main/php/myprefix/ProductName/Module/Services/SlackService.php">
                <class name="SlackService" namespace="myprefix\ProductName\Module\Services">
                    <metrics methods="1" coveredmethods="0" conditionals="0" coveredconditionals="0" statements="6" coveredstatements="3" elements="7" coveredelements="3"/>
                </class>
                <line num="10" type="method" name="postMessage" crap="2.50" count="1"/>
                <line num="11" type="stmt" count="1"/>
                <line num="12" type="stmt" count="1"/>
                <line num="13" type="stmt" count="0"/>
                <line num="14" type="stmt" count="0"/>
                <line num="15" type="stmt" count="0"/>
                <line num="16" type="stmt" count="1"/>
                <metrics loc="18" ncloc="18" classes="1" methods="1" coveredmethods="0" conditionals="0" coveredconditionals="0" statements="6" coveredstatements="3" elements="7" coveredelements="3"/>
            </file>
        </package>
        <metrics files="6" loc="573" ncloc="493" classes="4" methods="29" coveredmethods="12" conditionals="0" coveredconditionals="0" statements="239" coveredstatements="109" elements="268" coveredelements="121"/>
    </project>
</coverage>